<?xml version="1.0" encoding="UTF-8"?>
<testsuite name="com.bradychiu.Search2dMatrixIITest" tests="1" skipped="1" failures="0" errors="0" timestamp="2020-12-01T22:30:42" hostname="Bradys-MBP" time="169.378">
  <properties/>
  <testcase name="one()" classname="com.bradychiu.Search2dMatrixIITest" time="169.378">
    <skipped/>
  </testcase>
  <system-out><![CDATA[]]></system-out>
  <system-err><![CDATA[]]></system-err>
</testsuite>
