<?xml version="1.0" encoding="UTF-8"?>
<testsuite name="com.bradychiu.MissingRangesTest" tests="5" skipped="0" failures="0" errors="0" timestamp="2020-12-03T10:22:55" hostname="Bradys-MBP" time="0.013">
  <properties/>
  <testcase name="one()" classname="com.bradychiu.MissingRangesTest" time="0.009"/>
  <testcase name="two()" classname="com.bradychiu.MissingRangesTest" time="0.0"/>
  <testcase name="five()" classname="com.bradychiu.MissingRangesTest" time="0.0"/>
  <testcase name="four()" classname="com.bradychiu.MissingRangesTest" time="0.0"/>
  <testcase name="three()" classname="com.bradychiu.MissingRangesTest" time="0.001"/>
  <system-out><![CDATA[]]></system-out>
  <system-err><![CDATA[]]></system-err>
</testsuite>
