<?xml version="1.0" encoding="UTF-8"?>
<testsuite name="com.bradychiu.UniquePathsTest" tests="5" skipped="0" failures="0" errors="0" timestamp="2020-12-02T09:18:26" hostname="Bradys-MBP" time="0.011">
  <properties/>
  <testcase name="one()" classname="com.bradychiu.UniquePathsTest" time="0.006"/>
  <testcase name="two()" classname="com.bradychiu.UniquePathsTest" time="0.0"/>
  <testcase name="five()" classname="com.bradychiu.UniquePathsTest" time="0.0"/>
  <testcase name="four()" classname="com.bradychiu.UniquePathsTest" time="0.0"/>
  <testcase name="three()" classname="com.bradychiu.UniquePathsTest" time="0.001"/>
  <system-out><![CDATA[]]></system-out>
  <system-err><![CDATA[]]></system-err>
</testsuite>
