<?xml version="1.0" encoding="UTF-8"?>
<testsuite name="com.bradychiu.ClimbingStairsTest" tests="6" skipped="0" failures="0" errors="0" timestamp="2021-01-09T06:33:38" hostname="Bradys-MBP" time="0.01">
  <properties/>
  <testcase name="one()" classname="com.bradychiu.ClimbingStairsTest" time="0.007"/>
  <testcase name="six()" classname="com.bradychiu.ClimbingStairsTest" time="0.001"/>
  <testcase name="two()" classname="com.bradychiu.ClimbingStairsTest" time="0.0"/>
  <testcase name="five()" classname="com.bradychiu.ClimbingStairsTest" time="0.0"/>
  <testcase name="four()" classname="com.bradychiu.ClimbingStairsTest" time="0.0"/>
  <testcase name="three()" classname="com.bradychiu.ClimbingStairsTest" time="0.0"/>
  <system-out><![CDATA[]]></system-out>
  <system-err><![CDATA[]]></system-err>
</testsuite>
