<?xml version="1.0" encoding="UTF-8"?>
<testsuite name="com.bradychiu.ThreeSumTest" tests="1" skipped="0" failures="0" errors="0" timestamp="2020-07-10T10:08:42" hostname="Bradys-MBP" time="0.005">
  <properties/>
  <testcase name="threeSumBrute()" classname="com.bradychiu.ThreeSumTest" time="0.005"/>
  <system-out><![CDATA[]]></system-out>
  <system-err><![CDATA[]]></system-err>
</testsuite>
