<?xml version="1.0" encoding="UTF-8"?>
<testsuite name="com.bradychiu.PermutationsTest" tests="3" skipped="0" failures="0" errors="0" timestamp="2020-11-24T21:55:33" hostname="Bradys-MBP" time="0.009">
  <properties/>
  <testcase name="one()" classname="com.bradychiu.PermutationsTest" time="0.007"/>
  <testcase name="two()" classname="com.bradychiu.PermutationsTest" time="0.001"/>
  <testcase name="three()" classname="com.bradychiu.PermutationsTest" time="0.0"/>
  <system-out><![CDATA[]]></system-out>
  <system-err><![CDATA[]]></system-err>
</testsuite>
