<?xml version="1.0" encoding="UTF-8"?>
<testsuite name="com.bradychiu.IncreasingTripletTest" tests="6" skipped="0" failures="0" errors="0" timestamp="2020-10-23T04:24:40" hostname="Bradys-MBP" time="0.039">
  <properties/>
  <testcase name="one()" classname="com.bradychiu.IncreasingTripletTest" time="0.023"/>
  <testcase name="six()" classname="com.bradychiu.IncreasingTripletTest" time="0.001"/>
  <testcase name="two()" classname="com.bradychiu.IncreasingTripletTest" time="0.001"/>
  <testcase name="five()" classname="com.bradychiu.IncreasingTripletTest" time="0.002"/>
  <testcase name="four()" classname="com.bradychiu.IncreasingTripletTest" time="0.001"/>
  <testcase name="three()" classname="com.bradychiu.IncreasingTripletTest" time="0.001"/>
  <system-out><![CDATA[]]></system-out>
  <system-err><![CDATA[]]></system-err>
</testsuite>
