<?xml version="1.0" encoding="UTF-8"?>
<testsuite name="com.bradychiu.SerializeDeserializeBinaryTreeTest" tests="1" skipped="0" failures="0" errors="0" timestamp="2020-12-09T08:40:12" hostname="Bradys-MBP" time="0.004">
  <properties/>
  <testcase name="twoDeserializeDfsIterative()" classname="com.bradychiu.SerializeDeserializeBinaryTreeTest" time="0.004"/>
  <system-out><![CDATA[]]></system-out>
  <system-err><![CDATA[]]></system-err>
</testsuite>
