<?xml version="1.0" encoding="UTF-8"?>
<testsuite name="com.bradychiu.MajorityElementTest" tests="2" skipped="0" failures="0" errors="0" timestamp="2020-12-17T13:48:07" hostname="Bradys-MBP" time="0.009">
  <properties/>
  <testcase name="one()" classname="com.bradychiu.MajorityElementTest" time="0.008"/>
  <testcase name="two()" classname="com.bradychiu.MajorityElementTest" time="0.0"/>
  <system-out><![CDATA[]]></system-out>
  <system-err><![CDATA[]]></system-err>
</testsuite>
