<?xml version="1.0" encoding="UTF-8"?>
<testsuite name="com.bradychiu.ExcelSheetColumnNumberTest" tests="4" skipped="0" failures="0" errors="0" timestamp="2020-12-11T06:08:42" hostname="Bradys-MBP" time="0.01">
  <properties/>
  <testcase name="one()" classname="com.bradychiu.ExcelSheetColumnNumberTest" time="0.007"/>
  <testcase name="two()" classname="com.bradychiu.ExcelSheetColumnNumberTest" time="0.001"/>
  <testcase name="four()" classname="com.bradychiu.ExcelSheetColumnNumberTest" time="0.001"/>
  <testcase name="three()" classname="com.bradychiu.ExcelSheetColumnNumberTest" time="0.0"/>
  <system-out><![CDATA[]]></system-out>
  <system-err><![CDATA[]]></system-err>
</testsuite>
