<?xml version="1.0" encoding="UTF-8"?>
<testsuite name="com.bradychiu.TopKFrequentElementsTest" tests="2" skipped="0" failures="0" errors="0" timestamp="2020-11-25T14:35:21" hostname="Bradys-MBP" time="0.011">
  <properties/>
  <testcase name="one()" classname="com.bradychiu.TopKFrequentElementsTest" time="0.009"/>
  <testcase name="two()" classname="com.bradychiu.TopKFrequentElementsTest" time="0.001"/>
  <system-out><![CDATA[]]></system-out>
  <system-err><![CDATA[]]></system-err>
</testsuite>
