<?xml version="1.0" encoding="UTF-8"?>
<testsuite name="com.bradychiu.SearchRangeTest" tests="8" skipped="0" failures="0" errors="0" timestamp="2020-12-01T10:42:05" hostname="Bradys-MBP" time="0.012">
  <properties/>
  <testcase name="one()" classname="com.bradychiu.SearchRangeTest" time="0.006"/>
  <testcase name="six()" classname="com.bradychiu.SearchRangeTest" time="0.0"/>
  <testcase name="two()" classname="com.bradychiu.SearchRangeTest" time="0.0"/>
  <testcase name="five()" classname="com.bradychiu.SearchRangeTest" time="0.0"/>
  <testcase name="four()" classname="com.bradychiu.SearchRangeTest" time="0.0"/>
  <testcase name="eight()" classname="com.bradychiu.SearchRangeTest" time="0.0"/>
  <testcase name="seven()" classname="com.bradychiu.SearchRangeTest" time="0.0"/>
  <testcase name="three()" classname="com.bradychiu.SearchRangeTest" time="0.001"/>
  <system-out><![CDATA[]]></system-out>
  <system-err><![CDATA[]]></system-err>
</testsuite>
