<?xml version="1.0" encoding="UTF-8"?>
<testsuite name="com.bradychiu.TwoSumTest" tests="2" skipped="0" failures="0" errors="0" timestamp="2020-07-10T11:24:22" hostname="Bradys-MBP" time="0.005">
  <properties/>
  <testcase name="twoSumBrute()" classname="com.bradychiu.TwoSumTest" time="0.003"/>
  <testcase name="twoSumHashing()" classname="com.bradychiu.TwoSumTest" time="0.0"/>
  <system-out><![CDATA[]]></system-out>
  <system-err><![CDATA[]]></system-err>
</testsuite>
