<?xml version="1.0" encoding="UTF-8"?>
<testsuite name="com.bradychiu.ThreeSumTest" tests="2" skipped="0" failures="0" errors="0" timestamp="2020-07-10T11:24:22" hostname="Bradys-MBP" time="0.01">
  <properties/>
  <testcase name="threeSumBrute()" classname="com.bradychiu.ThreeSumTest" time="0.008"/>
  <testcase name="threeSumQuadratic()" classname="com.bradychiu.ThreeSumTest" time="0.001"/>
  <system-out><![CDATA[]]></system-out>
  <system-err><![CDATA[]]></system-err>
</testsuite>
