<?xml version="1.0" encoding="UTF-8"?>
<testsuite name="com.bradychiu.MinArrowsToBurstBalloonsTest" tests="1" skipped="0" failures="0" errors="0" timestamp="2020-12-01T18:03:07" hostname="Bradys-MBP" time="0.007">
  <properties/>
  <testcase name="six()" classname="com.bradychiu.MinArrowsToBurstBalloonsTest" time="0.007"/>
  <system-out><![CDATA[]]></system-out>
  <system-err><![CDATA[]]></system-err>
</testsuite>
